alexandr
11
12
13
alexandralexandr
11alexandr
12alexandr
13alexandr
alexandr11
1111
1211
1311
alexandr12
1112
1212
1312
alexandr13
1113
1213
1313
alexandralexandralexandr
11alexandralexandr
12alexandralexandr
13alexandralexandr
alexandr11alexandr
1111alexandr
1211alexandr
1311alexandr
alexandr12alexandr
1112alexandr
1212alexandr
1312alexandr
alexandr13alexandr
1113alexandr
1213alexandr
1313alexandr
alexandralexandr11
11alexandr11
12alexandr11
13alexandr11
alexandr1111
111111
121111
131111
alexandr1211
111211
121211
131211
alexandr1311
111311
121311
131311
alexandralexandr12
11alexandr12
12alexandr12
13alexandr12
alexandr1112
111112
121112
131112
alexandr1212
111212
121212
131212
alexandr1312
111312
121312
131312
alexandralexandr13
11alexandr13
12alexandr13
13alexandr13
alexandr1113
111113
121113
131113
alexandr1213
111213
121213
131213
alexandr1313
111313
121313
131313
