# DAW.
	"lmms" "ardour" "audacity"
# Sound converters.
	"soundconverter"
# Players.
	"audacious" "mpg123"
# Synth, VST, LADSPA, sound converting.
	"amsynth" "bristol" "phasex" "zynaddsubfx" "helm" "drumkv1" "calf"\
	"synthv1" "qsynth"  "qsampler" "guitarix2" "yoshimi" "samplv1" \
	"oxe" "dpf-plugins" "lsp-plugins" "zam-plugins" \
	"eq10q"
	# Arch only.
		"vst-plugins" # Group of packages.
# Virtual MIDI.
	"vkeybd" "jack-keyboard" "vmpk"
# Sequencers.
	"rosegarden"
# JACK connections. jack2-dbus
	"patchage" "qjackctl" "cadence" "carla"
# Sound recording.
	"audio-recorder"
